2022/12/09 14:06:51 [notice] 1#1: using the "epoll" event method
2022/12/09 14:06:51 [notice] 1#1: nginx/1.23.2
2022/12/09 14:06:51 [notice] 1#1: built by gcc 10.2.1 20210110 (Debian 10.2.1-6) 
2022/12/09 14:06:51 [notice] 1#1: OS: Linux 5.15.49-linuxkit
2022/12/09 14:06:51 [notice] 1#1: getrlimit(RLIMIT_NOFILE): 1048576:1048576
2022/12/09 14:06:51 [notice] 1#1: start worker processes
2022/12/09 14:06:51 [notice] 1#1: start worker process 20
2022/12/09 14:06:51 [notice] 1#1: start worker process 21
2022/12/10 11:44:08 [notice] 1#1: signal 15 (SIGTERM) received, exiting
2022/12/11 03:02:33 [notice] 1#1: using the "epoll" event method
2022/12/11 03:02:33 [notice] 1#1: nginx/1.23.2
2022/12/11 03:02:33 [notice] 1#1: built by gcc 10.2.1 20210110 (Debian 10.2.1-6) 
2022/12/11 03:02:33 [notice] 1#1: OS: Linux 5.15.49-linuxkit
2022/12/11 03:02:33 [notice] 1#1: getrlimit(RLIMIT_NOFILE): 1048576:1048576
2022/12/11 03:02:33 [notice] 1#1: start worker processes
2022/12/11 03:02:33 [notice] 1#1: start worker process 20
2022/12/11 03:02:33 [notice] 1#1: start worker process 21
2022/12/11 11:07:21 [notice] 1#1: signal 3 (SIGQUIT) received, shutting down
2022/12/11 11:07:21 [notice] 21#21: gracefully shutting down
2022/12/11 11:07:21 [notice] 20#20: gracefully shutting down
2022/12/11 11:07:21 [notice] 20#20: exiting
2022/12/11 11:07:21 [notice] 21#21: exiting
2022/12/11 11:07:21 [notice] 21#21: exit
2022/12/11 11:07:21 [notice] 20#20: exit
2022/12/11 11:07:21 [notice] 1#1: signal 17 (SIGCHLD) received from 20
2022/12/11 11:07:21 [notice] 1#1: worker process 20 exited with code 0
2022/12/11 11:07:21 [notice] 1#1: signal 29 (SIGIO) received
2022/12/11 11:07:21 [notice] 1#1: signal 17 (SIGCHLD) received from 21
2022/12/11 11:07:21 [notice] 1#1: worker process 21 exited with code 0
2022/12/11 11:07:21 [notice] 1#1: exit
2022/12/11 12:26:40 [notice] 1#1: using the "epoll" event method
2022/12/11 12:26:40 [notice] 1#1: nginx/1.23.2
2022/12/11 12:26:40 [notice] 1#1: built by gcc 10.2.1 20210110 (Debian 10.2.1-6) 
2022/12/11 12:26:40 [notice] 1#1: OS: Linux 5.15.49-linuxkit
2022/12/11 12:26:40 [notice] 1#1: getrlimit(RLIMIT_NOFILE): 1048576:1048576
2022/12/11 12:26:40 [notice] 1#1: start worker processes
2022/12/11 12:26:40 [notice] 1#1: start worker process 20
2022/12/11 12:26:40 [notice] 1#1: start worker process 21
2022/12/11 12:26:47 [notice] 1#1: signal 3 (SIGQUIT) received, shutting down
2022/12/11 12:26:47 [notice] 21#21: gracefully shutting down
2022/12/11 12:26:47 [notice] 20#20: gracefully shutting down
2022/12/11 12:26:47 [notice] 21#21: exiting
2022/12/11 12:26:47 [notice] 21#21: exit
2022/12/11 12:26:47 [notice] 20#20: exiting
2022/12/11 12:26:47 [notice] 20#20: exit
2022/12/11 12:26:47 [notice] 1#1: signal 17 (SIGCHLD) received from 21
2022/12/11 12:26:47 [notice] 1#1: worker process 21 exited with code 0
2022/12/11 12:26:47 [notice] 1#1: signal 29 (SIGIO) received
2022/12/11 12:26:48 [notice] 1#1: signal 17 (SIGCHLD) received from 20
2022/12/11 12:26:48 [notice] 1#1: worker process 20 exited with code 0
2022/12/11 12:26:48 [notice] 1#1: exit
2022/12/11 12:26:54 [notice] 1#1: using the "epoll" event method
2022/12/11 12:26:54 [notice] 1#1: nginx/1.23.2
2022/12/11 12:26:54 [notice] 1#1: built by gcc 10.2.1 20210110 (Debian 10.2.1-6) 
2022/12/11 12:26:54 [notice] 1#1: OS: Linux 5.15.49-linuxkit
2022/12/11 12:26:54 [notice] 1#1: getrlimit(RLIMIT_NOFILE): 1048576:1048576
2022/12/11 12:26:54 [notice] 1#1: start worker processes
2022/12/11 12:26:54 [notice] 1#1: start worker process 20
2022/12/11 12:26:54 [notice] 1#1: start worker process 21
2022/12/11 13:53:33 [notice] 1#1: signal 3 (SIGQUIT) received, shutting down
2022/12/11 13:53:33 [notice] 21#21: gracefully shutting down
2022/12/11 13:53:33 [notice] 20#20: gracefully shutting down
2022/12/11 13:53:33 [notice] 20#20: exiting
2022/12/11 13:53:33 [notice] 21#21: exiting
2022/12/11 13:53:33 [notice] 20#20: exit
2022/12/11 13:53:33 [notice] 21#21: exit
2022/12/11 13:53:33 [notice] 1#1: signal 17 (SIGCHLD) received from 20
2022/12/11 13:53:33 [notice] 1#1: worker process 20 exited with code 0
2022/12/11 13:53:33 [notice] 1#1: signal 29 (SIGIO) received
2022/12/11 13:53:33 [notice] 1#1: signal 17 (SIGCHLD) received from 21
2022/12/11 13:53:33 [notice] 1#1: worker process 21 exited with code 0
2022/12/11 13:53:33 [notice] 1#1: exit
2022/12/11 13:53:40 [emerg] 1#1: upstream "back" may not have port 8080 in /etc/nginx/conf.d/nginx.conf:19
2022/12/11 13:54:11 [emerg] 1#1: upstream "back" may not have port 8080 in /etc/nginx/conf.d/nginx.conf:19
2022/12/11 14:07:20 [emerg] 1#1: upstream "back" may not have port 3000 in /etc/nginx/conf.d/nginx.conf:12
2022/12/11 14:07:27 [emerg] 1#1: upstream "back" may not have port 3000 in /etc/nginx/conf.d/nginx.conf:12
2022/12/11 14:08:56 [notice] 1#1: using the "epoll" event method
2022/12/11 14:08:56 [notice] 1#1: nginx/1.23.2
2022/12/11 14:08:56 [notice] 1#1: built by gcc 10.2.1 20210110 (Debian 10.2.1-6) 
2022/12/11 14:08:56 [notice] 1#1: OS: Linux 5.15.49-linuxkit
2022/12/11 14:08:56 [notice] 1#1: getrlimit(RLIMIT_NOFILE): 1048576:1048576
2022/12/11 14:08:56 [notice] 1#1: start worker processes
2022/12/11 14:08:56 [notice] 1#1: start worker process 20
2022/12/11 14:08:56 [notice] 1#1: start worker process 21
2022/12/11 14:09:18 [notice] 1#1: signal 3 (SIGQUIT) received, shutting down
2022/12/11 14:09:18 [notice] 20#20: gracefully shutting down
2022/12/11 14:09:18 [notice] 20#20: exiting
2022/12/11 14:09:18 [notice] 21#21: gracefully shutting down
2022/12/11 14:09:18 [notice] 20#20: exit
2022/12/11 14:09:18 [notice] 21#21: exiting
2022/12/11 14:09:18 [notice] 21#21: exit
2022/12/11 14:09:18 [notice] 1#1: signal 17 (SIGCHLD) received from 20
2022/12/11 14:09:18 [notice] 1#1: worker process 20 exited with code 0
2022/12/11 14:09:18 [notice] 1#1: signal 29 (SIGIO) received
2022/12/11 14:09:18 [notice] 1#1: signal 17 (SIGCHLD) received from 21
2022/12/11 14:09:18 [notice] 1#1: worker process 21 exited with code 0
2022/12/11 14:09:18 [notice] 1#1: exit
2022/12/11 14:10:05 [notice] 1#1: using the "epoll" event method
2022/12/11 14:10:05 [notice] 1#1: nginx/1.23.2
2022/12/11 14:10:05 [notice] 1#1: built by gcc 10.2.1 20210110 (Debian 10.2.1-6) 
2022/12/11 14:10:05 [notice] 1#1: OS: Linux 5.15.49-linuxkit
2022/12/11 14:10:05 [notice] 1#1: getrlimit(RLIMIT_NOFILE): 1048576:1048576
2022/12/11 14:10:05 [notice] 1#1: start worker processes
2022/12/11 14:10:05 [notice] 1#1: start worker process 20
2022/12/11 14:10:05 [notice] 1#1: start worker process 21
